
9. Printing statistics.

=== adder_tree_v2 ===

   Number of wires:                256
   Number of wire bits:            347
   Number of public wires:           5
   Number of public wire bits:      96
   Number of ports:                  5
   Number of port bits:             96
   Number of memories:               0
   Number of memory bits:            0
   Number of processes:              0
   Number of cells:                269
     $_ANDNOT_                      93
     $_AND_                          1
     $_NAND_                        15
     $_NOR_                         15
     $_NOT_                          2
     $_ORNOT_                        8
     $_OR_                          41
     $_XNOR_                        49
     $_XOR_                         45

=== control_fsm_v2 ===

   Number of wires:                 10
   Number of wire bits:             12
   Number of public wires:           8
   Number of public wire bits:      10
   Number of ports:                  6
   Number of port bits:              6
   Number of memories:               0
   Number of memory bits:            0
   Number of processes:              0
   Number of cells:                  8
     $_ANDNOT_                       3
     $_DFFE_PN0P_                    2
     $_NOR_                          1
     $_OR_                           2

=== mac_unit_v2 ===

   Number of wires:                341
   Number of wire bits:            370
   Number of public wires:           3
   Number of public wire bits:      32
   Number of ports:                  3
   Number of port bits:             32
   Number of memories:               0
   Number of memory bits:            0
   Number of processes:              0
   Number of cells:                354
     $_ANDNOT_                      97
     $_AND_                         55
     $_NAND_                        25
     $_NOR_                         12
     $_NOT_                          7
     $_ORNOT_                       10
     $_OR_                          37
     $_XNOR_                        25
     $_XOR_                         86

=== tinymac_top_v2 ===

   Number of wires:                 24
   Number of wire bits:            262
   Number of public wires:          24
   Number of public wire bits:     262
   Number of ports:                 13
   Number of port bits:            100
   Number of memories:               0
   Number of memory bits:            0
   Number of processes:              0
   Number of cells:                102
     $_DFFE_PN0P_                   96
     adder_tree_v2                   1
     control_fsm_v2                  1
     mac_unit_v2                     4

=== design hierarchy ===

   tinymac_top_v2                    1
     adder_tree_v2                   1
     control_fsm_v2                  1
     mac_unit_v2                     4

   Number of wires:               1654
   Number of wire bits:           2101
   Number of public wires:          49
   Number of public wire bits:     496
   Number of ports:                 36
   Number of port bits:            330
   Number of memories:               0
   Number of memory bits:            0
   Number of processes:              0
   Number of cells:               1789
     $_ANDNOT_                     484
     $_AND_                        221
     $_DFFE_PN0P_                   98
     $_NAND_                       115
     $_NOR_                         64
     $_NOT_                         30
     $_ORNOT_                       48
     $_OR_                         191
     $_XNOR_                       149
     $_XOR_                        389
